32728
32644
32625
32588
32559
32537
32514
32486
32404
32341
32312
32298
32249
32243
32149
32051
32039
32031
32023
31990
31958
31914
31911
31894
31862
31839
31811
31712
31691
31650
31627
31598
31586
31586
31571
31508
31497
31488
31416
31390
31374
31300
31279
31275
31219
31116
31113
31085
31065
31062
31028
30904
30881
30871
30865
30858
30849
30802
30773
30768
30706
30684
30607
30592
30590
30571
30471
30457
30447
30427
30423
30419
30387
30360
30359
30353
30337
30269
30267
30218
30186
30168
30140
30095
30091
30091
30083
30043
29966
29920
29884
29883
29855
29854
29821
29764
29735
29719
29669
29636
29627
29568
29555
29552
29522
29517
29506
29476
29434
29335
29307
29281
29269
29268
29260
29241
29220
29193
29188
29144
29131
29086
29057
28991
28956
28926
28898
28882
28851
28818
28805
28792
28789
28767
28767
28737
28715
28707
28694
28637
28510
28459
28426
28351
28320
28314
28276
28259
28201
28160
28100
28043
28018
27997
27949
27858
27835
27817
27738
27722
27714
27603
27571
27437
27413
27386
27300
27267
27262
27245
27133
27127
27127
27114
27064
27055
26997
26955
26949
26803
26801
26730
26692
26678
26621
26546
26486
26416
26349
26290
26115
26100
26009
25995
25926
25897
25896
25861
25822
25787
25773
25710
25651
25647
25640
25632
25610
25584
25582
25567
25557
25453
25400
25395
25387
25381
25365
25344
25331
25300
25265
25199
25151
25137
25090
25089
25076
25022
24929
24888
24878
24849
24828
24805
24708
24657
24620
24572
24560
24493
24456
24430
24425
24367
24336
24313
24261
24229
24215
24163
24120
24111
24109
24048
24006
23998
23976
23896
23834
23808
23792
23769
23755
23718
23685
23673
23643
23606
23577
23498
23493
23489
23468
23400
23399
23367
23359
23273
23182
23170
23153
23144
23126
23099
23094
23093
23084
22998
22890
22826
22805
22797
22734
22714
22643
22628
22549
22546
22439
22435
22412
22397
22358
22336
22326
22321
22277
22266
22217
22212
22196
22194
22172
22123
22119
22104
22092
22087
22069
22009
21983
21977
21947
21936
21931
21861
21838
21828
21762
21734
21730
21689
21670
21667
21598
21545
21513
21501
21494
21471
21435
21418
21406
21392
21368
21347
21342
21319
21304
21274
21249
21213
21207
21198
21079
20845
20828
20774
20767
20745
20664
20660
20649
20633
20597
20507
20455
20429
20426
20403
20387
20320
20284
20282
20268
20268
20208
20195
20164
20130
20122
20081
20075
20072
20047
20037
20031
20030
19999
19898
19849
19811
19792
19785
19784
19765
19747
19723
19686
19677
19663
19659
19615
19581
19571
19545
19497
19485
19420
19401
19383
19321
19288
19260
19199
19139
19095
19075
19064
19058
19028
18920
18909
18874
18711
18698
18640
18592
18540
18538
18533
18516
18503
18478
18476
18441
18412
18371
18365
18353
18348
18341
18322
18308
18251
18226
18204
18193
18187
18155
18113
18099
18036
18005
17996
17988
17984
17955
17953
17918
17911
17876
17874
17866
17857
17855
17832
17817
17763
17753
17750
17729
17695
17644
17614
17552
17535
17531
17522
17496
17484
17377
17373
17357
17350
17334
17306
17267
17257
17224
17210
16997
16908
16810
16808
16808
16800
16796
16794
16750
16742
16737
16729
16705
16695
16680
16659
16649
16576
16489
16465
16443
16402
16377
16360
16337
16170
16166
16133
15989
15946
15921
15835
15819
15817
15797
15782
15724
15580
15573
15430
15396
15374
15289
15278
15265
15249
15206
15086
15052
14981
14955
14908
14901
14891
14855
14849
14844
14832
14763
14692
14643
14622
14614
14603
14581
14559
14484
14481
14454
14391
14371
14353
14302
14299
14297
14260
14260
14126
14123
14041
14040
14034
14018
13927
13898
13876
13872
13872
13856
13834
13795
13695
13636
13567
13565
13508
13398
13382
13345
13328
13295
13238
13114
13105
13059
13025
13011
12955
12946
12880
12834
12814
12811
12746
12681
12657
12637
12621
12602
12575
12441
12360
12358
12351
12324
12274
12225
12157
12107
12052
12046
11960
11948
11944
11928
11853
11756
11713
11694
11692
11684
11668
11658
11641
11610
11584
11549
11514
11482
11472
11468
11458
11450
11435
11427
11324
11283
11251
11232
11176
11139
11091
11088
11053
10952
10909
10905
10876
10876
10838
10821
10807
10680
10648
10638
10596
10592
10565
10530
10527
10488
10453
10421
10401
10346
10339
10295
10201
10078
10061
10020
9986
9975
9959
9898
9877
9837
9782
9705
9684
9682
9577
9563
9511
9496
9437
9436
9418
9372
9342
9286
9268
9184
9136
9131
9129
9086
9082
9050
9024
9005
9001
8975
8954
8942
8933
8912
8910
8893
8792
8785
8763
8751
8745
8697
8654
8639
8559
8528
8517
8498
8486
8431
8425
8401
8393
8382
8369
8358
8344
8308
8243
8212
8211
8197
8172
8172
8169
8153
8098
8085
8052
7995
7970
7959
7874
7790
7764
7753
7683
7631
7630
7620
7605
7582
7575
7573
7523
7503
7437
7395
7356
7333
7312
7312
7249
7204
7135
7128
7115
7039
7037
7012
6949
6908
6877
6864
6863
6843
6840
6840
6810
6806
6751
6685
6654
6643
6595
6564
6549
6521
6489
6474
6434
6421
6370
6352
6327
6323
6288
6251
6249
6158
6104
6064
5940
5899
5861
5849
5829
5821
5779
5704
5691
5687
5663
5656
5647
5632
5601
5600
5594
5588
5583
5532
5499
5493
5487
5473
5434
5411
5391
5391
5359
5338
5303
5273
5269
5240
5233
5178
5177
5174
5168
5118
5068
5044
5031
5025
5015
4990
4959
4933
4901
4868
4862
4859
4834
4808
4703
4684
4622
4603
4583
4579
4545
4523
4453
4403
4393
4372
4363
4350
4315
4146
4141
4103
4102
4102
4098
4093
4040
4018
4014
3982
3944
3933
3910
3899
3773
3733
3703
3668
3659
3659
3627
3604
3561
3511
3470
3454
3405
3386
3377
3363
3353
3289
3279
3269
3237
3195
3188
3149
3112
3099
2959
2917
2832
2832
2781
2714
2680
2671
2646
2625
2617
2581
2568
2521
2521
2431
2429
2384
2268
2253
2252
2252
2208
2191
2182
2167
2150
2134
2130
2130
2101
2081
2068
2053
2023
1965
1923
1886
1860
1685
1684
1669
1652
1612
1566
1524
1507
1504
1490
1469
1454
1448
1433
1389
1376
1351
1315
1282
1263
1248
1246
1240
1232
1202
1182
1124
1080
1079
1069
1041
971
944
918
897
813
721
715
689
650
599
594
578
560
543
440
428
389
373
345
304
263
257
211
162
160
112
50
0
